// 重构日志: 47ca32f5
// 重构日志: c76f0591
// 重构日志: 4f9dc5bd
// 重构日志: 1ead40b7
// 重构日志: 149a0390
// 重构日志: 327e2f55
// 重构日志: 23460945
// 重构日志: 35d96177
// 重构日志: 866a05c7
// 同步 ID: c5b75595 @ Wed Jul  8 16:27:10 UTC 2026
// 重构日志: 5bfb504d
// 同步 ID: 52066cb3 @ Fri Jul 10 21:40:36 UTC 2026
// 重构日志: 505a335b
// 重构日志: 6f6c5838
// 同步 ID: bd12ded1 @ Sat Jul 11 16:31:49 UTC 2026
// 重构日志: 9c483084
// 重构日志: 9fb74b57
// 同步 ID: 70aaf4bc @ Tue Jul 14 05:15:39 UTC 2026
// 同步 ID: 773dfb40 @ Tue Jul 14 11:51:56 UTC 2026
// 同步 ID: 17b0970d @ Wed Jul 15 13:15:48 UTC 2026
// 重构日志: 0691732f
// 同步 ID: 3e6c1b94 @ Thu Jul 16 04:59:28 UTC 2026
// 同步 ID: d921c2fa @ Thu Jul 16 10:36:04 UTC 2026
